2021-05-15 22:13:31,548 INFO org.springframework.boot.StartupInfoLogger [restartedMain] Starting MessagingStompWebsocketApplication using Java 1.8.0_201 on Div with PID 19340 (C:\Users\divya\Downloads\Projects\2021 Projects\BrowserStack\gs-messaging-stomp-websocket-main\complete\target\classes started by divya in C:\Users\divya\Downloads\Projects\2021 Projects\BrowserStack\gs-messaging-stomp-websocket-main\complete)
2021-05-15 22:13:31,557 DEBUG org.springframework.boot.StartupInfoLogger [restartedMain] Running with Spring Boot v2.4.3, Spring v5.3.4
2021-05-15 22:13:31,558 INFO org.springframework.boot.SpringApplication [restartedMain] No active profile set, falling back to default profiles: default
2021-05-15 22:13:31,725 INFO org.springframework.boot.logging.DeferredLog [restartedMain] Devtools property defaults active! Set 'spring.devtools.add-properties' to 'false' to disable
2021-05-15 22:13:31,725 INFO org.springframework.boot.logging.DeferredLog [restartedMain] For additional web related logging consider setting the 'logging.level.web' property to 'DEBUG'
2021-05-15 22:13:35,471 INFO org.springframework.boot.web.embedded.tomcat.TomcatWebServer [restartedMain] Tomcat initialized with port(s): 8080 (http)
2021-05-15 22:13:35,489 INFO org.apache.juli.logging.DirectJDKLog [restartedMain] Initializing ProtocolHandler ["http-nio-8080"]
2021-05-15 22:13:35,491 INFO org.apache.juli.logging.DirectJDKLog [restartedMain] Starting service [Tomcat]
2021-05-15 22:13:35,492 INFO org.apache.juli.logging.DirectJDKLog [restartedMain] Starting Servlet engine: [Apache Tomcat/9.0.43]
2021-05-15 22:13:35,640 INFO org.apache.juli.logging.DirectJDKLog [restartedMain] Initializing Spring embedded WebApplicationContext
2021-05-15 22:13:35,641 INFO org.springframework.boot.web.servlet.context.ServletWebServerApplicationContext [restartedMain] Root WebApplicationContext: initialization completed in 3915 ms
2021-05-15 22:13:35,911 INFO org.springframework.scheduling.concurrent.ExecutorConfigurationSupport [restartedMain] Initializing ExecutorService 'clientInboundChannelExecutor'
2021-05-15 22:13:35,922 INFO org.springframework.scheduling.concurrent.ExecutorConfigurationSupport [restartedMain] Initializing ExecutorService 'clientOutboundChannelExecutor'
2021-05-15 22:13:35,928 INFO org.springframework.scheduling.concurrent.ExecutorConfigurationSupport [restartedMain] Initializing ExecutorService 'brokerChannelExecutor'
2021-05-15 22:13:36,016 INFO org.springframework.scheduling.concurrent.ExecutorConfigurationSupport [restartedMain] Initializing ExecutorService 'messageBrokerTaskScheduler'
2021-05-15 22:13:36,799 INFO org.springframework.boot.autoconfigure.web.servlet.WelcomePageHandlerMapping [restartedMain] Adding welcome page: class path resource [static/index.html]
2021-05-15 22:13:37,676 INFO org.springframework.boot.devtools.autoconfigure.OptionalLiveReloadServer [restartedMain] LiveReload server is running on port 35729
2021-05-15 22:13:37,697 INFO org.apache.juli.logging.DirectJDKLog [restartedMain] Starting ProtocolHandler ["http-nio-8080"]
2021-05-15 22:13:37,733 INFO org.springframework.boot.web.embedded.tomcat.TomcatWebServer [restartedMain] Tomcat started on port(s): 8080 (http) with context path ''
2021-05-15 22:13:37,736 INFO org.springframework.core.log.CompositeLog [restartedMain] Starting...
2021-05-15 22:13:37,737 INFO org.springframework.core.log.CompositeLog [restartedMain] BrokerAvailabilityEvent[available=true, SimpleBrokerMessageHandler [org.springframework.messaging.simp.broker.DefaultSubscriptionRegistry@24e7795a]]
2021-05-15 22:13:37,740 INFO org.springframework.core.log.CompositeLog [restartedMain] Started.
2021-05-15 22:13:37,870 INFO org.springframework.boot.StartupInfoLogger [restartedMain] Started MessagingStompWebsocketApplication in 7.218 seconds (JVM running for 8.038)
2021-05-15 22:13:38,122 INFO org.apache.juli.logging.DirectJDKLog [http-nio-8080-exec-1] Initializing Spring DispatcherServlet 'dispatcherServlet'
2021-05-15 22:13:38,123 INFO org.springframework.web.servlet.FrameworkServlet [http-nio-8080-exec-1] Initializing Servlet 'dispatcherServlet'
2021-05-15 22:13:38,126 INFO org.springframework.web.servlet.FrameworkServlet [http-nio-8080-exec-1] Completed initialization in 2 ms
2021-05-15 22:15:28,546 INFO org.springframework.boot.StartupInfoLogger [restartedMain] Starting MessagingStompWebsocketApplication using Java 1.8.0_201 on Div with PID 18568 (C:\Users\divya\Downloads\Projects\2021 Projects\BrowserStack\gs-messaging-stomp-websocket-main\complete\target\classes started by divya in C:\Users\divya\Downloads\Projects\2021 Projects\BrowserStack\gs-messaging-stomp-websocket-main\complete)
2021-05-15 22:15:28,555 DEBUG org.springframework.boot.StartupInfoLogger [restartedMain] Running with Spring Boot v2.4.3, Spring v5.3.4
2021-05-15 22:15:28,556 INFO org.springframework.boot.SpringApplication [restartedMain] No active profile set, falling back to default profiles: default
2021-05-15 22:15:28,712 INFO org.springframework.boot.logging.DeferredLog [restartedMain] Devtools property defaults active! Set 'spring.devtools.add-properties' to 'false' to disable
2021-05-15 22:15:28,712 INFO org.springframework.boot.logging.DeferredLog [restartedMain] For additional web related logging consider setting the 'logging.level.web' property to 'DEBUG'
2021-05-15 22:15:32,304 INFO org.springframework.boot.web.embedded.tomcat.TomcatWebServer [restartedMain] Tomcat initialized with port(s): 8080 (http)
2021-05-15 22:15:32,324 INFO org.apache.juli.logging.DirectJDKLog [restartedMain] Initializing ProtocolHandler ["http-nio-8080"]
2021-05-15 22:15:32,326 INFO org.apache.juli.logging.DirectJDKLog [restartedMain] Starting service [Tomcat]
2021-05-15 22:15:32,327 INFO org.apache.juli.logging.DirectJDKLog [restartedMain] Starting Servlet engine: [Apache Tomcat/9.0.43]
2021-05-15 22:15:32,508 INFO org.apache.juli.logging.DirectJDKLog [restartedMain] Initializing Spring embedded WebApplicationContext
2021-05-15 22:15:32,508 INFO org.springframework.boot.web.servlet.context.ServletWebServerApplicationContext [restartedMain] Root WebApplicationContext: initialization completed in 3790 ms
2021-05-15 22:15:32,863 INFO org.springframework.scheduling.concurrent.ExecutorConfigurationSupport [restartedMain] Initializing ExecutorService 'clientInboundChannelExecutor'
2021-05-15 22:15:32,877 INFO org.springframework.scheduling.concurrent.ExecutorConfigurationSupport [restartedMain] Initializing ExecutorService 'clientOutboundChannelExecutor'
2021-05-15 22:15:32,884 INFO org.springframework.scheduling.concurrent.ExecutorConfigurationSupport [restartedMain] Initializing ExecutorService 'brokerChannelExecutor'
2021-05-15 22:15:33,040 INFO org.springframework.scheduling.concurrent.ExecutorConfigurationSupport [restartedMain] Initializing ExecutorService 'messageBrokerTaskScheduler'
2021-05-15 22:15:33,810 INFO org.springframework.boot.autoconfigure.web.servlet.WelcomePageHandlerMapping [restartedMain] Adding welcome page: class path resource [static/index.html]
2021-05-15 22:15:34,825 INFO org.springframework.boot.devtools.autoconfigure.OptionalLiveReloadServer [restartedMain] LiveReload server is running on port 35729
2021-05-15 22:15:34,851 INFO org.apache.juli.logging.DirectJDKLog [restartedMain] Starting ProtocolHandler ["http-nio-8080"]
2021-05-15 22:15:34,896 INFO org.springframework.boot.web.embedded.tomcat.TomcatWebServer [restartedMain] Tomcat started on port(s): 8080 (http) with context path ''
2021-05-15 22:15:34,908 INFO org.springframework.core.log.CompositeLog [restartedMain] Starting...
2021-05-15 22:15:34,909 INFO org.springframework.core.log.CompositeLog [restartedMain] BrokerAvailabilityEvent[available=true, SimpleBrokerMessageHandler [org.springframework.messaging.simp.broker.DefaultSubscriptionRegistry@7f9e7918]]
2021-05-15 22:15:34,910 INFO org.springframework.core.log.CompositeLog [restartedMain] Started.
2021-05-15 22:15:34,951 INFO org.springframework.boot.StartupInfoLogger [restartedMain] Started MessagingStompWebsocketApplication in 7.494 seconds (JVM running for 8.34)
2021-05-15 22:15:35,257 INFO org.apache.juli.logging.DirectJDKLog [http-nio-8080-exec-2] Initializing Spring DispatcherServlet 'dispatcherServlet'
2021-05-15 22:15:35,258 INFO org.springframework.web.servlet.FrameworkServlet [http-nio-8080-exec-2] Initializing Servlet 'dispatcherServlet'
2021-05-15 22:15:35,260 INFO org.springframework.web.servlet.FrameworkServlet [http-nio-8080-exec-2] Completed initialization in 2 ms
